[debug] [2021-06-09T05:13:25.409Z] ----------------------------------------------------------------------
[debug] [2021-06-09T05:13:25.412Z] Command:       /usr/local/bin/node /usr/local/bin/firebase emulators:start
[debug] [2021-06-09T05:13:25.412Z] CLI Version:   9.12.1
[debug] [2021-06-09T05:13:25.413Z] Platform:      linux
[debug] [2021-06-09T05:13:25.413Z] Node Version:  v14.15.1
[debug] [2021-06-09T05:13:25.413Z] Time:          Wed Jun 09 2021 10:43:25 GMT+0530 (India Standard Time)
[debug] [2021-06-09T05:13:25.413Z] ----------------------------------------------------------------------
[debug] 
[debug] [2021-06-09T05:13:25.423Z] > command requires scopes: ["email","openid","https://www.googleapis.com/auth/cloudplatformprojects.readonly","https://www.googleapis.com/auth/firebase","https://www.googleapis.com/auth/cloud-platform"]
[debug] [2021-06-09T05:13:25.423Z] > authorizing via signed-in user (mohitashar1995@gmail.com)
[info] i  emulators: Starting emulators: functions {"metadata":{"emulator":{"name":"hub"},"message":"Starting emulators: functions"}}
[debug] [2021-06-09T05:13:25.451Z] [hub] writing locator at /tmp/hub-hypertube-d9f3e.json
[warn] ⚠  functions: The following emulators are not running, calls to these services from the Functions emulator will affect production: auth, firestore, database, hosting, pubsub, storage {"metadata":{"emulator":{"name":"functions"},"message":"The following emulators are not running, calls to these services from the Functions emulator will affect production: \u001b[1mauth, firestore, database, hosting, pubsub, storage\u001b[22m"}}
[info] ✔  functions: Using node@14 from host. {"metadata":{"emulator":{"name":"functions"},"message":"Using node@14 from host."}}
[debug] [2021-06-09T05:13:25.493Z] defaultcredentials: writing to file /home/mashar/.config/firebase/mohitashar1995_gmail_com_application_default_credentials.json
[debug] [2021-06-09T05:13:25.496Z] Setting GAC to /home/mashar/.config/firebase/mohitashar1995_gmail_com_application_default_credentials.json {"metadata":{"emulator":{"name":"functions"},"message":"Setting GAC to /home/mashar/.config/firebase/mohitashar1995_gmail_com_application_default_credentials.json"}}
[debug] [2021-06-09T05:13:25.498Z] > refreshing access token with scopes: []
[debug] [2021-06-09T05:13:25.499Z] >>> HTTP REQUEST POST https://www.googleapis.com/oauth2/v3/token  
 <request body omitted>
[debug] [2021-06-09T05:13:25.750Z] <<< HTTP RESPONSE 200 {"pragma":"no-cache","date":"Wed, 09 Jun 2021 05:13:25 GMT","cache-control":"no-cache, no-store, max-age=0, must-revalidate","expires":"Mon, 01 Jan 1990 00:00:00 GMT","content-type":"application/json; charset=utf-8","vary":"X-Origin, Referer, Origin,Accept-Encoding","server":"scaffolding on HTTPServer2","x-xss-protection":"0","x-frame-options":"SAMEORIGIN","x-content-type-options":"nosniff","alt-svc":"h3-29=\":443\"; ma=2592000,h3-T051=\":443\"; ma=2592000,h3-Q050=\":443\"; ma=2592000,h3-Q046=\":443\"; ma=2592000,h3-Q043=\":443\"; ma=2592000,quic=\":443\"; ma=2592000; v=\"46,43\"","accept-ranges":"none","transfer-encoding":"chunked"}
[debug] [2021-06-09T05:13:25.755Z] >>> [apiv2][query] GET https://firebase.googleapis.com/v1beta1/projects/hypertube-d9f3e/adminSdkConfig [none]
[debug] [2021-06-09T05:13:26.328Z] <<< [apiv2][status] GET https://firebase.googleapis.com/v1beta1/projects/hypertube-d9f3e/adminSdkConfig 200
[debug] [2021-06-09T05:13:26.329Z] <<< [apiv2][body] GET https://firebase.googleapis.com/v1beta1/projects/hypertube-d9f3e/adminSdkConfig {"projectId":"hypertube-d9f3e","storageBucket":"hypertube-d9f3e.appspot.com"}
[debug] [2021-06-09T05:13:26.358Z] Ignoring unsupported arg: auto_download {"metadata":{"emulator":{"name":"ui"},"message":"Ignoring unsupported arg: auto_download"}}
[debug] [2021-06-09T05:13:26.359Z] Ignoring unsupported arg: port {"metadata":{"emulator":{"name":"ui"},"message":"Ignoring unsupported arg: port"}}
[debug] [2021-06-09T05:13:26.359Z] Starting Emulator UI with command {"binary":"node","args":["/home/mashar/.cache/firebase/emulators/ui-v1.5.0/server.bundle.js"],"optionalArgs":[],"joinArgs":false} {"metadata":{"emulator":{"name":"ui"},"message":"Starting Emulator UI with command {\"binary\":\"node\",\"args\":[\"/home/mashar/.cache/firebase/emulators/ui-v1.5.0/server.bundle.js\"],\"optionalArgs\":[],\"joinArgs\":false}"}}
[info] i  ui: Emulator UI logging to ui-debug.log {"metadata":{"emulator":{"name":"ui"},"message":"Emulator UI logging to \u001b[1mui-debug.log\u001b[22m"}}
[debug] [2021-06-09T05:13:26.458Z] Web / API server started at http://localhost:4000
 {"metadata":{"emulator":{"name":"ui"},"message":"Web / API server started at http://localhost:4000\n"}}
[info] i  functions: Watching "/home/mashar/Desktop/projects/hypertube/functions" for Cloud Functions... {"metadata":{"emulator":{"name":"functions"},"message":"Watching \"/home/mashar/Desktop/projects/hypertube/functions\" for Cloud Functions..."}}
[debug] [2021-06-09T05:13:26.657Z] [worker-pool] addWorker(~diagnostic~) {"metadata":{"emulator":{"name":"functions"},"message":"[worker-pool] addWorker(~diagnostic~)"}}
[debug] [2021-06-09T05:13:26.658Z] [worker-pool] Adding worker with key ~diagnostic~, total=1 {"metadata":{"emulator":{"name":"functions"},"message":"[worker-pool] Adding worker with key ~diagnostic~, total=1"}}
[debug] [2021-06-09T05:13:26.658Z] [worker-pool] submitWork(triggerId=) {"metadata":{"emulator":{"name":"functions"},"message":"[worker-pool] submitWork(triggerId=)"}}
[debug] [2021-06-09T05:13:26.659Z] [worker-~diagnostic~-94fefe93-7e46-42e7-b7f7-7da85c0dbe97]: Assigning socketPath: /tmp/fire_emu_9167.sock {"metadata":{"emulator":{"name":"functions"},"message":"[worker-~diagnostic~-94fefe93-7e46-42e7-b7f7-7da85c0dbe97]: Assigning socketPath: /tmp/fire_emu_9167.sock"}}
[debug] [2021-06-09T05:13:26.660Z] [worker-~diagnostic~-94fefe93-7e46-42e7-b7f7-7da85c0dbe97]: BUSY {"metadata":{"emulator":{"name":"functions"},"message":"[worker-~diagnostic~-94fefe93-7e46-42e7-b7f7-7da85c0dbe97]: BUSY"}}
[debug] [2021-06-09T05:13:26.770Z] [runtime-status] [9167] Functions runtime initialized. {"cwd":"/home/mashar/Desktop/projects/hypertube/functions","node_version":"14.15.1"} {"metadata":{"emulator":{"name":"functions"},"message":"[runtime-status] [9167] Functions runtime initialized. {\"cwd\":\"/home/mashar/Desktop/projects/hypertube/functions\",\"node_version\":\"14.15.1\"}"}}
[debug] [2021-06-09T05:13:26.771Z] [runtime-status] [9167] Disabled runtime features: undefined {"metadata":{"emulator":{"name":"functions"},"message":"[runtime-status] [9167] Disabled runtime features: undefined"}}
[debug] [2021-06-09T05:13:26.773Z] [runtime-status] [9167] Resolved module firebase-admin {"declared":true,"installed":true,"version":"9.9.0","resolution":"/home/mashar/Desktop/projects/hypertube/functions/node_modules/firebase-admin/lib/index.js"} {"metadata":{"emulator":{"name":"functions"},"message":"[runtime-status] [9167] Resolved module firebase-admin {\"declared\":true,\"installed\":true,\"version\":\"9.9.0\",\"resolution\":\"/home/mashar/Desktop/projects/hypertube/functions/node_modules/firebase-admin/lib/index.js\"}"}}
[debug] [2021-06-09T05:13:26.774Z] [runtime-status] [9167] Resolved module firebase-functions {"declared":true,"installed":true,"version":"3.14.1","resolution":"/home/mashar/Desktop/projects/hypertube/functions/node_modules/firebase-functions/lib/index.js"} {"metadata":{"emulator":{"name":"functions"},"message":"[runtime-status] [9167] Resolved module firebase-functions {\"declared\":true,\"installed\":true,\"version\":\"3.14.1\",\"resolution\":\"/home/mashar/Desktop/projects/hypertube/functions/node_modules/firebase-functions/lib/index.js\"}"}}
[debug] [2021-06-09T05:13:26.776Z] [runtime-status] [9167] Resolved module firebase-functions {"declared":true,"installed":true,"version":"3.14.1","resolution":"/home/mashar/Desktop/projects/hypertube/functions/node_modules/firebase-functions/lib/index.js"} {"metadata":{"emulator":{"name":"functions"},"message":"[runtime-status] [9167] Resolved module firebase-functions {\"declared\":true,\"installed\":true,\"version\":\"3.14.1\",\"resolution\":\"/home/mashar/Desktop/projects/hypertube/functions/node_modules/firebase-functions/lib/index.js\"}"}}
[debug] [2021-06-09T05:13:26.778Z] [runtime-status] [9167] Outgoing network have been stubbed. [{"name":"http","status":"mocked"},{"name":"http","status":"mocked"},{"name":"https","status":"mocked"},{"name":"https","status":"mocked"},{"name":"net","status":"mocked"}] {"metadata":{"emulator":{"name":"functions"},"message":"[runtime-status] [9167] Outgoing network have been stubbed. [{\"name\":\"http\",\"status\":\"mocked\"},{\"name\":\"http\",\"status\":\"mocked\"},{\"name\":\"https\",\"status\":\"mocked\"},{\"name\":\"https\",\"status\":\"mocked\"},{\"name\":\"net\",\"status\":\"mocked\"}]"}}
[debug] [2021-06-09T05:13:26.779Z] [runtime-status] [9167] Resolved module firebase-functions {"declared":true,"installed":true,"version":"3.14.1","resolution":"/home/mashar/Desktop/projects/hypertube/functions/node_modules/firebase-functions/lib/index.js"} {"metadata":{"emulator":{"name":"functions"},"message":"[runtime-status] [9167] Resolved module firebase-functions {\"declared\":true,\"installed\":true,\"version\":\"3.14.1\",\"resolution\":\"/home/mashar/Desktop/projects/hypertube/functions/node_modules/firebase-functions/lib/index.js\"}"}}
[debug] [2021-06-09T05:13:26.819Z] [runtime-status] [9167] Checked functions.config() {"config":{}} {"metadata":{"emulator":{"name":"functions"},"message":"[runtime-status] [9167] Checked functions.config() {\"config\":{}}"}}
[debug] [2021-06-09T05:13:26.819Z] [runtime-status] [9167] firebase-functions has been stubbed. {"functionsResolution":{"declared":true,"installed":true,"version":"3.14.1","resolution":"/home/mashar/Desktop/projects/hypertube/functions/node_modules/firebase-functions/lib/index.js"}} {"metadata":{"emulator":{"name":"functions"},"message":"[runtime-status] [9167] firebase-functions has been stubbed. {\"functionsResolution\":{\"declared\":true,\"installed\":true,\"version\":\"3.14.1\",\"resolution\":\"/home/mashar/Desktop/projects/hypertube/functions/node_modules/firebase-functions/lib/index.js\"}}"}}
[debug] [2021-06-09T05:13:26.820Z] [runtime-status] [9167] Resolved module firebase-functions {"declared":true,"installed":true,"version":"3.14.1","resolution":"/home/mashar/Desktop/projects/hypertube/functions/node_modules/firebase-functions/lib/index.js"} {"metadata":{"emulator":{"name":"functions"},"message":"[runtime-status] [9167] Resolved module firebase-functions {\"declared\":true,\"installed\":true,\"version\":\"3.14.1\",\"resolution\":\"/home/mashar/Desktop/projects/hypertube/functions/node_modules/firebase-functions/lib/index.js\"}"}}
[debug] [2021-06-09T05:13:26.821Z] [runtime-status] [9167] Resolved module firebase-admin {"declared":true,"installed":true,"version":"9.9.0","resolution":"/home/mashar/Desktop/projects/hypertube/functions/node_modules/firebase-admin/lib/index.js"} {"metadata":{"emulator":{"name":"functions"},"message":"[runtime-status] [9167] Resolved module firebase-admin {\"declared\":true,\"installed\":true,\"version\":\"9.9.0\",\"resolution\":\"/home/mashar/Desktop/projects/hypertube/functions/node_modules/firebase-admin/lib/index.js\"}"}}
[debug] [2021-06-09T05:13:26.821Z] [runtime-status] [9167] Resolved module firebase-functions {"declared":true,"installed":true,"version":"3.14.1","resolution":"/home/mashar/Desktop/projects/hypertube/functions/node_modules/firebase-functions/lib/index.js"} {"metadata":{"emulator":{"name":"functions"},"message":"[runtime-status] [9167] Resolved module firebase-functions {\"declared\":true,\"installed\":true,\"version\":\"3.14.1\",\"resolution\":\"/home/mashar/Desktop/projects/hypertube/functions/node_modules/firebase-functions/lib/index.js\"}"}}
[debug] [2021-06-09T05:13:26.821Z] [runtime-status] [9167] firebase-admin has been stubbed. {"adminResolution":{"declared":true,"installed":true,"version":"9.9.0","resolution":"/home/mashar/Desktop/projects/hypertube/functions/node_modules/firebase-admin/lib/index.js"}} {"metadata":{"emulator":{"name":"functions"},"message":"[runtime-status] [9167] firebase-admin has been stubbed. {\"adminResolution\":{\"declared\":true,\"installed\":true,\"version\":\"9.9.0\",\"resolution\":\"/home/mashar/Desktop/projects/hypertube/functions/node_modules/firebase-admin/lib/index.js\"}}"}}
[info] ✔  functions[us-central1-api]: http function initialized (http://localhost:5001/hypertube-d9f3e/us-central1/api). {"metadata":{"emulator":{"name":"functions"},"message":"\u001b[1mhttp\u001b[22m function initialized (http://localhost:5001/hypertube-d9f3e/us-central1/api)."}}
[info] 
┌─────────────────────────────────────────────────────────────┐
│ ✔  All emulators ready! It is now safe to connect your app. │
│ i  View Emulator UI at http://localhost:4000                │
└─────────────────────────────────────────────────────────────┘

┌───────────┬────────────────┬─────────────────────────────────┐
│ Emulator  │ Host:Port      │ View in Emulator UI             │
├───────────┼────────────────┼─────────────────────────────────┤
│ Functions │ localhost:5001 │ http://localhost:4000/functions │
└───────────┴────────────────┴─────────────────────────────────┘
  Emulator Hub running at localhost:4400
  Other reserved ports: 4500

Issues? Report them at https://github.com/firebase/firebase-tools/issues and attach the *-debug.log files.
 
[debug] [2021-06-09T05:13:26.915Z] [worker-~diagnostic~-94fefe93-7e46-42e7-b7f7-7da85c0dbe97]: IDLE {"metadata":{"emulator":{"name":"functions"},"message":"[worker-~diagnostic~-94fefe93-7e46-42e7-b7f7-7da85c0dbe97]: IDLE"}}
[debug] [2021-06-09T05:13:32.079Z] [work-queue] {"queueLength":1,"workRunningCount":0}
[debug] [2021-06-09T05:13:32.079Z] [work-queue] {"queueLength":0,"workRunningCount":1}
[debug] [2021-06-09T05:13:32.080Z] Accepted request OPTIONS /hypertube-d9f3e/us-central1/api/oauth/token --> us-central1-api
[debug] [2021-06-09T05:13:32.088Z] [worker-pool] addWorker(us-central1-api) {"metadata":{"emulator":{"name":"functions"},"message":"[worker-pool] addWorker(us-central1-api)"}}
[debug] [2021-06-09T05:13:32.089Z] [worker-pool] Adding worker with key us-central1-api, total=1 {"metadata":{"emulator":{"name":"functions"},"message":"[worker-pool] Adding worker with key us-central1-api, total=1"}}
[debug] [2021-06-09T05:13:32.089Z] [worker-pool] submitWork(triggerId=us-central1-api) {"metadata":{"emulator":{"name":"functions"},"message":"[worker-pool] submitWork(triggerId=us-central1-api)"}}
[debug] [2021-06-09T05:13:32.089Z] [worker-us-central1-api-cf9a1c5a-fb6e-47a8-8680-d49efb8d085d]: Assigning socketPath: /tmp/fire_emu_9190.sock {"metadata":{"emulator":{"name":"functions"},"message":"[worker-us-central1-api-cf9a1c5a-fb6e-47a8-8680-d49efb8d085d]: Assigning socketPath: /tmp/fire_emu_9190.sock"}}
[debug] [2021-06-09T05:13:32.089Z] [worker-us-central1-api-cf9a1c5a-fb6e-47a8-8680-d49efb8d085d]: BUSY {"metadata":{"emulator":{"name":"functions"},"message":"[worker-us-central1-api-cf9a1c5a-fb6e-47a8-8680-d49efb8d085d]: BUSY"}}
[debug] [2021-06-09T05:13:32.253Z] [runtime-status] [9190] Functions runtime initialized. {"cwd":"/home/mashar/Desktop/projects/hypertube/functions","node_version":"14.15.1"} {"metadata":{"emulator":{"name":"functions"},"function":{"name":"us-central1-api"},"message":"[runtime-status] [9190] Functions runtime initialized. {\"cwd\":\"/home/mashar/Desktop/projects/hypertube/functions\",\"node_version\":\"14.15.1\"}"}}
[debug] [2021-06-09T05:13:32.255Z] [runtime-status] [9190] Disabled runtime features: undefined {"metadata":{"emulator":{"name":"functions"},"function":{"name":"us-central1-api"},"message":"[runtime-status] [9190] Disabled runtime features: undefined"}}
[debug] [2021-06-09T05:13:32.258Z] [runtime-status] [9190] Resolved module firebase-admin {"declared":true,"installed":true,"version":"9.9.0","resolution":"/home/mashar/Desktop/projects/hypertube/functions/node_modules/firebase-admin/lib/index.js"} {"metadata":{"emulator":{"name":"functions"},"function":{"name":"us-central1-api"},"message":"[runtime-status] [9190] Resolved module firebase-admin {\"declared\":true,\"installed\":true,\"version\":\"9.9.0\",\"resolution\":\"/home/mashar/Desktop/projects/hypertube/functions/node_modules/firebase-admin/lib/index.js\"}"}}
[debug] [2021-06-09T05:13:32.259Z] [runtime-status] [9190] Resolved module firebase-functions {"declared":true,"installed":true,"version":"3.14.1","resolution":"/home/mashar/Desktop/projects/hypertube/functions/node_modules/firebase-functions/lib/index.js"} {"metadata":{"emulator":{"name":"functions"},"function":{"name":"us-central1-api"},"message":"[runtime-status] [9190] Resolved module firebase-functions {\"declared\":true,\"installed\":true,\"version\":\"3.14.1\",\"resolution\":\"/home/mashar/Desktop/projects/hypertube/functions/node_modules/firebase-functions/lib/index.js\"}"}}
[debug] [2021-06-09T05:13:32.262Z] [runtime-status] [9190] Resolved module firebase-functions {"declared":true,"installed":true,"version":"3.14.1","resolution":"/home/mashar/Desktop/projects/hypertube/functions/node_modules/firebase-functions/lib/index.js"} {"metadata":{"emulator":{"name":"functions"},"function":{"name":"us-central1-api"},"message":"[runtime-status] [9190] Resolved module firebase-functions {\"declared\":true,\"installed\":true,\"version\":\"3.14.1\",\"resolution\":\"/home/mashar/Desktop/projects/hypertube/functions/node_modules/firebase-functions/lib/index.js\"}"}}
[debug] [2021-06-09T05:13:32.264Z] [runtime-status] [9190] Outgoing network have been stubbed. [{"name":"http","status":"mocked"},{"name":"http","status":"mocked"},{"name":"https","status":"mocked"},{"name":"https","status":"mocked"},{"name":"net","status":"mocked"}] {"metadata":{"emulator":{"name":"functions"},"function":{"name":"us-central1-api"},"message":"[runtime-status] [9190] Outgoing network have been stubbed. [{\"name\":\"http\",\"status\":\"mocked\"},{\"name\":\"http\",\"status\":\"mocked\"},{\"name\":\"https\",\"status\":\"mocked\"},{\"name\":\"https\",\"status\":\"mocked\"},{\"name\":\"net\",\"status\":\"mocked\"}]"}}
[debug] [2021-06-09T05:13:32.266Z] [runtime-status] [9190] Resolved module firebase-functions {"declared":true,"installed":true,"version":"3.14.1","resolution":"/home/mashar/Desktop/projects/hypertube/functions/node_modules/firebase-functions/lib/index.js"} {"metadata":{"emulator":{"name":"functions"},"function":{"name":"us-central1-api"},"message":"[runtime-status] [9190] Resolved module firebase-functions {\"declared\":true,\"installed\":true,\"version\":\"3.14.1\",\"resolution\":\"/home/mashar/Desktop/projects/hypertube/functions/node_modules/firebase-functions/lib/index.js\"}"}}
[debug] [2021-06-09T05:13:32.309Z] [runtime-status] [9190] Checked functions.config() {"config":{}} {"metadata":{"emulator":{"name":"functions"},"function":{"name":"us-central1-api"},"message":"[runtime-status] [9190] Checked functions.config() {\"config\":{}}"}}
[debug] [2021-06-09T05:13:32.309Z] [runtime-status] [9190] firebase-functions has been stubbed. {"functionsResolution":{"declared":true,"installed":true,"version":"3.14.1","resolution":"/home/mashar/Desktop/projects/hypertube/functions/node_modules/firebase-functions/lib/index.js"}} {"metadata":{"emulator":{"name":"functions"},"function":{"name":"us-central1-api"},"message":"[runtime-status] [9190] firebase-functions has been stubbed. {\"functionsResolution\":{\"declared\":true,\"installed\":true,\"version\":\"3.14.1\",\"resolution\":\"/home/mashar/Desktop/projects/hypertube/functions/node_modules/firebase-functions/lib/index.js\"}}"}}
[debug] [2021-06-09T05:13:32.310Z] [runtime-status] [9190] Resolved module firebase-functions {"declared":true,"installed":true,"version":"3.14.1","resolution":"/home/mashar/Desktop/projects/hypertube/functions/node_modules/firebase-functions/lib/index.js"} {"metadata":{"emulator":{"name":"functions"},"function":{"name":"us-central1-api"},"message":"[runtime-status] [9190] Resolved module firebase-functions {\"declared\":true,\"installed\":true,\"version\":\"3.14.1\",\"resolution\":\"/home/mashar/Desktop/projects/hypertube/functions/node_modules/firebase-functions/lib/index.js\"}"}}
[debug] [2021-06-09T05:13:32.311Z] [runtime-status] [9190] Resolved module firebase-admin {"declared":true,"installed":true,"version":"9.9.0","resolution":"/home/mashar/Desktop/projects/hypertube/functions/node_modules/firebase-admin/lib/index.js"} {"metadata":{"emulator":{"name":"functions"},"function":{"name":"us-central1-api"},"message":"[runtime-status] [9190] Resolved module firebase-admin {\"declared\":true,\"installed\":true,\"version\":\"9.9.0\",\"resolution\":\"/home/mashar/Desktop/projects/hypertube/functions/node_modules/firebase-admin/lib/index.js\"}"}}
[debug] [2021-06-09T05:13:32.312Z] [runtime-status] [9190] Resolved module firebase-functions {"declared":true,"installed":true,"version":"3.14.1","resolution":"/home/mashar/Desktop/projects/hypertube/functions/node_modules/firebase-functions/lib/index.js"} {"metadata":{"emulator":{"name":"functions"},"function":{"name":"us-central1-api"},"message":"[runtime-status] [9190] Resolved module firebase-functions {\"declared\":true,\"installed\":true,\"version\":\"3.14.1\",\"resolution\":\"/home/mashar/Desktop/projects/hypertube/functions/node_modules/firebase-functions/lib/index.js\"}"}}
[debug] [2021-06-09T05:13:32.312Z] [runtime-status] [9190] firebase-admin has been stubbed. {"adminResolution":{"declared":true,"installed":true,"version":"9.9.0","resolution":"/home/mashar/Desktop/projects/hypertube/functions/node_modules/firebase-admin/lib/index.js"}} {"metadata":{"emulator":{"name":"functions"},"function":{"name":"us-central1-api"},"message":"[runtime-status] [9190] firebase-admin has been stubbed. {\"adminResolution\":{\"declared\":true,\"installed\":true,\"version\":\"9.9.0\",\"resolution\":\"/home/mashar/Desktop/projects/hypertube/functions/node_modules/firebase-admin/lib/index.js\"}}"}}
[debug] [2021-06-09T05:13:32.374Z] [runtime-status] [9190] Trigger "us-central1-api" has been found, beginning invocation! {"metadata":{"emulator":{"name":"functions"},"function":{"name":"us-central1-api"},"message":"[runtime-status] [9190] Trigger \"us-central1-api\" has been found, beginning invocation!"}}
[info] i  functions: Beginning execution of "us-central1-api" {"metadata":{"emulator":{"name":"functions"},"function":{"name":"us-central1-api"},"message":"Beginning execution of \"us-central1-api\""}}
[debug] [2021-06-09T05:13:32.375Z] [runtime-status] [9190] triggerDefinition {"httpsTrigger":{},"name":"api","entryPoint":"api","regions":["us-central1"],"region":"us-central1","id":"us-central1-api"} {"metadata":{"emulator":{"name":"functions"},"function":{"name":"us-central1-api"},"message":"[runtime-status] [9190] triggerDefinition {\"httpsTrigger\":{},\"name\":\"api\",\"entryPoint\":\"api\",\"regions\":[\"us-central1\"],\"region\":\"us-central1\",\"id\":\"us-central1-api\"}"}}
[debug] [2021-06-09T05:13:32.376Z] [runtime-status] [9190] Running us-central1-api in mode HTTPS {"metadata":{"emulator":{"name":"functions"},"function":{"name":"us-central1-api"},"message":"[runtime-status] [9190] Running us-central1-api in mode HTTPS"}}
[debug] [2021-06-09T05:13:32.379Z] [runtime-status] [9190] Attempting to listen to socketPath: /tmp/fire_emu_9190.sock {"metadata":{"emulator":{"name":"functions"},"function":{"name":"us-central1-api"},"message":"[runtime-status] [9190] Attempting to listen to socketPath: /tmp/fire_emu_9190.sock"}}
[debug] [2021-06-09T05:13:32.387Z] [functions] Runtime ready! Sending request! {"metadata":{"emulator":{"name":"functions"},"message":"[functions] Runtime ready! Sending request!"}}
[debug] [2021-06-09T05:13:32.388Z] [functions] Got req.url=/hypertube-d9f3e/us-central1/api/oauth/token, mapping to path=/oauth/token {"metadata":{"emulator":{"name":"functions"},"message":"[functions] Got req.url=/hypertube-d9f3e/us-central1/api/oauth/token, mapping to path=/oauth/token"}}
[debug] [2021-06-09T05:13:32.396Z] [runtime-status] [9190] Ephemeral server handling OPTIONS request {"metadata":{"emulator":{"name":"functions"},"function":{"name":"us-central1-api"},"message":"[runtime-status] [9190] Ephemeral server handling OPTIONS request"}}
[debug] [2021-06-09T05:13:32.403Z] [work-queue] {"queueLength":1,"workRunningCount":1}
[debug] [2021-06-09T05:13:32.403Z] [work-queue] {"queueLength":0,"workRunningCount":2}
[debug] [2021-06-09T05:13:32.403Z] Accepted request POST /hypertube-d9f3e/us-central1/api/oauth/token --> us-central1-api
[debug] [2021-06-09T05:13:32.409Z] [worker-pool] addWorker(us-central1-api) {"metadata":{"emulator":{"name":"functions"},"message":"[worker-pool] addWorker(us-central1-api)"}}
[debug] [2021-06-09T05:13:32.409Z] [worker-pool] Adding worker with key us-central1-api, total=2 {"metadata":{"emulator":{"name":"functions"},"message":"[worker-pool] Adding worker with key us-central1-api, total=2"}}
[debug] [2021-06-09T05:13:32.410Z] [worker-pool] submitWork(triggerId=us-central1-api) {"metadata":{"emulator":{"name":"functions"},"message":"[worker-pool] submitWork(triggerId=us-central1-api)"}}
[debug] [2021-06-09T05:13:32.410Z] [worker-us-central1-api-c61d9fb1-4f9d-4673-bec2-2adfe8ca6d99]: Assigning socketPath: /tmp/fire_emu_9197.sock {"metadata":{"emulator":{"name":"functions"},"message":"[worker-us-central1-api-c61d9fb1-4f9d-4673-bec2-2adfe8ca6d99]: Assigning socketPath: /tmp/fire_emu_9197.sock"}}
[debug] [2021-06-09T05:13:32.410Z] [worker-us-central1-api-c61d9fb1-4f9d-4673-bec2-2adfe8ca6d99]: BUSY {"metadata":{"emulator":{"name":"functions"},"message":"[worker-us-central1-api-c61d9fb1-4f9d-4673-bec2-2adfe8ca6d99]: BUSY"}}
[debug] [2021-06-09T05:13:32.410Z] [runtime-status] [9190] Ephemeral server survived. {"metadata":{"emulator":{"name":"functions"},"function":{"name":"us-central1-api"},"message":"[runtime-status] [9190] Ephemeral server survived."}}
[info] i  functions: Finished "us-central1-api" in ~1s {"metadata":{"emulator":{"name":"functions"},"function":{"name":"us-central1-api"},"message":"Finished \"us-central1-api\" in ~1s"}}
[debug] [2021-06-09T05:13:32.411Z] [worker-us-central1-api-cf9a1c5a-fb6e-47a8-8680-d49efb8d085d]: IDLE {"metadata":{"emulator":{"name":"functions"},"message":"[worker-us-central1-api-cf9a1c5a-fb6e-47a8-8680-d49efb8d085d]: IDLE"}}
[debug] [2021-06-09T05:13:32.411Z] [work-queue] {"queueLength":0,"workRunningCount":1}
[debug] [2021-06-09T05:13:32.555Z] [runtime-status] [9197] Functions runtime initialized. {"cwd":"/home/mashar/Desktop/projects/hypertube/functions","node_version":"14.15.1"} {"metadata":{"emulator":{"name":"functions"},"function":{"name":"us-central1-api"},"message":"[runtime-status] [9197] Functions runtime initialized. {\"cwd\":\"/home/mashar/Desktop/projects/hypertube/functions\",\"node_version\":\"14.15.1\"}"}}
[debug] [2021-06-09T05:13:32.557Z] [runtime-status] [9197] Disabled runtime features: undefined {"metadata":{"emulator":{"name":"functions"},"function":{"name":"us-central1-api"},"message":"[runtime-status] [9197] Disabled runtime features: undefined"}}
[debug] [2021-06-09T05:13:32.559Z] [runtime-status] [9197] Resolved module firebase-admin {"declared":true,"installed":true,"version":"9.9.0","resolution":"/home/mashar/Desktop/projects/hypertube/functions/node_modules/firebase-admin/lib/index.js"} {"metadata":{"emulator":{"name":"functions"},"function":{"name":"us-central1-api"},"message":"[runtime-status] [9197] Resolved module firebase-admin {\"declared\":true,\"installed\":true,\"version\":\"9.9.0\",\"resolution\":\"/home/mashar/Desktop/projects/hypertube/functions/node_modules/firebase-admin/lib/index.js\"}"}}
[debug] [2021-06-09T05:13:32.560Z] [runtime-status] [9197] Resolved module firebase-functions {"declared":true,"installed":true,"version":"3.14.1","resolution":"/home/mashar/Desktop/projects/hypertube/functions/node_modules/firebase-functions/lib/index.js"} {"metadata":{"emulator":{"name":"functions"},"function":{"name":"us-central1-api"},"message":"[runtime-status] [9197] Resolved module firebase-functions {\"declared\":true,\"installed\":true,\"version\":\"3.14.1\",\"resolution\":\"/home/mashar/Desktop/projects/hypertube/functions/node_modules/firebase-functions/lib/index.js\"}"}}
[debug] [2021-06-09T05:13:32.562Z] [runtime-status] [9197] Resolved module firebase-functions {"declared":true,"installed":true,"version":"3.14.1","resolution":"/home/mashar/Desktop/projects/hypertube/functions/node_modules/firebase-functions/lib/index.js"} {"metadata":{"emulator":{"name":"functions"},"function":{"name":"us-central1-api"},"message":"[runtime-status] [9197] Resolved module firebase-functions {\"declared\":true,\"installed\":true,\"version\":\"3.14.1\",\"resolution\":\"/home/mashar/Desktop/projects/hypertube/functions/node_modules/firebase-functions/lib/index.js\"}"}}
[debug] [2021-06-09T05:13:32.565Z] [runtime-status] [9197] Outgoing network have been stubbed. [{"name":"http","status":"mocked"},{"name":"http","status":"mocked"},{"name":"https","status":"mocked"},{"name":"https","status":"mocked"},{"name":"net","status":"mocked"}] {"metadata":{"emulator":{"name":"functions"},"function":{"name":"us-central1-api"},"message":"[runtime-status] [9197] Outgoing network have been stubbed. [{\"name\":\"http\",\"status\":\"mocked\"},{\"name\":\"http\",\"status\":\"mocked\"},{\"name\":\"https\",\"status\":\"mocked\"},{\"name\":\"https\",\"status\":\"mocked\"},{\"name\":\"net\",\"status\":\"mocked\"}]"}}
[debug] [2021-06-09T05:13:32.567Z] [runtime-status] [9197] Resolved module firebase-functions {"declared":true,"installed":true,"version":"3.14.1","resolution":"/home/mashar/Desktop/projects/hypertube/functions/node_modules/firebase-functions/lib/index.js"} {"metadata":{"emulator":{"name":"functions"},"function":{"name":"us-central1-api"},"message":"[runtime-status] [9197] Resolved module firebase-functions {\"declared\":true,\"installed\":true,\"version\":\"3.14.1\",\"resolution\":\"/home/mashar/Desktop/projects/hypertube/functions/node_modules/firebase-functions/lib/index.js\"}"}}
[debug] [2021-06-09T05:13:32.594Z] [runtime-status] [9197] Checked functions.config() {"config":{}} {"metadata":{"emulator":{"name":"functions"},"function":{"name":"us-central1-api"},"message":"[runtime-status] [9197] Checked functions.config() {\"config\":{}}"}}
[debug] [2021-06-09T05:13:32.594Z] [runtime-status] [9197] firebase-functions has been stubbed. {"functionsResolution":{"declared":true,"installed":true,"version":"3.14.1","resolution":"/home/mashar/Desktop/projects/hypertube/functions/node_modules/firebase-functions/lib/index.js"}} {"metadata":{"emulator":{"name":"functions"},"function":{"name":"us-central1-api"},"message":"[runtime-status] [9197] firebase-functions has been stubbed. {\"functionsResolution\":{\"declared\":true,\"installed\":true,\"version\":\"3.14.1\",\"resolution\":\"/home/mashar/Desktop/projects/hypertube/functions/node_modules/firebase-functions/lib/index.js\"}}"}}
[debug] [2021-06-09T05:13:32.595Z] [runtime-status] [9197] Resolved module firebase-functions {"declared":true,"installed":true,"version":"3.14.1","resolution":"/home/mashar/Desktop/projects/hypertube/functions/node_modules/firebase-functions/lib/index.js"} {"metadata":{"emulator":{"name":"functions"},"function":{"name":"us-central1-api"},"message":"[runtime-status] [9197] Resolved module firebase-functions {\"declared\":true,\"installed\":true,\"version\":\"3.14.1\",\"resolution\":\"/home/mashar/Desktop/projects/hypertube/functions/node_modules/firebase-functions/lib/index.js\"}"}}
[debug] [2021-06-09T05:13:32.595Z] [runtime-status] [9197] Resolved module firebase-admin {"declared":true,"installed":true,"version":"9.9.0","resolution":"/home/mashar/Desktop/projects/hypertube/functions/node_modules/firebase-admin/lib/index.js"} {"metadata":{"emulator":{"name":"functions"},"function":{"name":"us-central1-api"},"message":"[runtime-status] [9197] Resolved module firebase-admin {\"declared\":true,\"installed\":true,\"version\":\"9.9.0\",\"resolution\":\"/home/mashar/Desktop/projects/hypertube/functions/node_modules/firebase-admin/lib/index.js\"}"}}
[debug] [2021-06-09T05:13:32.595Z] [runtime-status] [9197] Resolved module firebase-functions {"declared":true,"installed":true,"version":"3.14.1","resolution":"/home/mashar/Desktop/projects/hypertube/functions/node_modules/firebase-functions/lib/index.js"} {"metadata":{"emulator":{"name":"functions"},"function":{"name":"us-central1-api"},"message":"[runtime-status] [9197] Resolved module firebase-functions {\"declared\":true,\"installed\":true,\"version\":\"3.14.1\",\"resolution\":\"/home/mashar/Desktop/projects/hypertube/functions/node_modules/firebase-functions/lib/index.js\"}"}}
[debug] [2021-06-09T05:13:32.596Z] [runtime-status] [9197] firebase-admin has been stubbed. {"adminResolution":{"declared":true,"installed":true,"version":"9.9.0","resolution":"/home/mashar/Desktop/projects/hypertube/functions/node_modules/firebase-admin/lib/index.js"}} {"metadata":{"emulator":{"name":"functions"},"function":{"name":"us-central1-api"},"message":"[runtime-status] [9197] firebase-admin has been stubbed. {\"adminResolution\":{\"declared\":true,\"installed\":true,\"version\":\"9.9.0\",\"resolution\":\"/home/mashar/Desktop/projects/hypertube/functions/node_modules/firebase-admin/lib/index.js\"}}"}}
[debug] [2021-06-09T05:13:32.641Z] [runtime-status] [9197] Trigger "us-central1-api" has been found, beginning invocation! {"metadata":{"emulator":{"name":"functions"},"function":{"name":"us-central1-api"},"message":"[runtime-status] [9197] Trigger \"us-central1-api\" has been found, beginning invocation!"}}
[info] i  functions: Beginning execution of "us-central1-api" {"metadata":{"emulator":{"name":"functions"},"function":{"name":"us-central1-api"},"message":"Beginning execution of \"us-central1-api\""}}
[debug] [2021-06-09T05:13:32.642Z] [runtime-status] [9197] triggerDefinition {"httpsTrigger":{},"name":"api","entryPoint":"api","regions":["us-central1"],"region":"us-central1","id":"us-central1-api"} {"metadata":{"emulator":{"name":"functions"},"function":{"name":"us-central1-api"},"message":"[runtime-status] [9197] triggerDefinition {\"httpsTrigger\":{},\"name\":\"api\",\"entryPoint\":\"api\",\"regions\":[\"us-central1\"],\"region\":\"us-central1\",\"id\":\"us-central1-api\"}"}}
[debug] [2021-06-09T05:13:32.642Z] [runtime-status] [9197] Running us-central1-api in mode HTTPS {"metadata":{"emulator":{"name":"functions"},"function":{"name":"us-central1-api"},"message":"[runtime-status] [9197] Running us-central1-api in mode HTTPS"}}
[debug] [2021-06-09T05:13:32.645Z] [runtime-status] [9197] Attempting to listen to socketPath: /tmp/fire_emu_9197.sock {"metadata":{"emulator":{"name":"functions"},"function":{"name":"us-central1-api"},"message":"[runtime-status] [9197] Attempting to listen to socketPath: /tmp/fire_emu_9197.sock"}}
[debug] [2021-06-09T05:13:32.648Z] [functions] Runtime ready! Sending request! {"metadata":{"emulator":{"name":"functions"},"message":"[functions] Runtime ready! Sending request!"}}
[debug] [2021-06-09T05:13:32.648Z] [functions] Got req.url=/hypertube-d9f3e/us-central1/api/oauth/token, mapping to path=/oauth/token {"metadata":{"emulator":{"name":"functions"},"message":"[functions] Got req.url=/hypertube-d9f3e/us-central1/api/oauth/token, mapping to path=/oauth/token"}}
[debug] [2021-06-09T05:13:32.670Z] [runtime-status] [9197] Ephemeral server handling POST request {"metadata":{"emulator":{"name":"functions"},"function":{"name":"us-central1-api"},"message":"[runtime-status] [9197] Ephemeral server handling POST request"}}
[info] >  REQ body authorization_code {"user":"REQ body authorization_code","metadata":{"emulator":{"name":"functions"},"function":{"name":"us-central1-api"},"message":"\u001b[90m> \u001b[39m REQ body authorization_code"}}
[warn] ⚠  External network resource requested!
   - URL: "https://api.intra.42.fr/oauth/token"
 - Be careful, this may be a production service. {"metadata":{"emulator":{"name":"functions"},"function":{"name":"us-central1-api"},"message":"External network resource requested!\n   - URL: \"https://api.intra.42.fr/oauth/token\"\n - Be careful, this may be a production service."}}
[debug] [2021-06-09T05:13:32.692Z] [runtime-status] [9197] Ephemeral server survived. {"metadata":{"emulator":{"name":"functions"},"function":{"name":"us-central1-api"},"message":"[runtime-status] [9197] Ephemeral server survived."}}
[info] i  functions: Finished "us-central1-api" in ~1s {"metadata":{"emulator":{"name":"functions"},"function":{"name":"us-central1-api"},"message":"Finished \"us-central1-api\" in ~1s"}}
[debug] [2021-06-09T05:13:33.271Z] [worker-us-central1-api-c61d9fb1-4f9d-4673-bec2-2adfe8ca6d99]: IDLE {"metadata":{"emulator":{"name":"functions"},"message":"[worker-us-central1-api-c61d9fb1-4f9d-4673-bec2-2adfe8ca6d99]: IDLE"}}
[debug] [2021-06-09T05:13:33.271Z] [work-queue] {"queueLength":0,"workRunningCount":0}
[debug] [2021-06-09T05:33:25.874Z] [work-queue] {"queueLength":1,"workRunningCount":0}
[debug] [2021-06-09T05:33:25.874Z] [work-queue] {"queueLength":0,"workRunningCount":1}
[debug] [2021-06-09T05:33:25.875Z] Accepted request OPTIONS /hypertube-d9f3e/us-central1/api/oauth/token --> us-central1-api
[debug] [2021-06-09T05:33:25.875Z] [worker-pool] submitWork(triggerId=us-central1-api) {"metadata":{"emulator":{"name":"functions"},"message":"[worker-pool] submitWork(triggerId=us-central1-api)"}}
[debug] [2021-06-09T05:33:25.875Z] [worker-us-central1-api-cf9a1c5a-fb6e-47a8-8680-d49efb8d085d]: Assigning socketPath: /tmp/fire_emu_9190.sock {"metadata":{"emulator":{"name":"functions"},"message":"[worker-us-central1-api-cf9a1c5a-fb6e-47a8-8680-d49efb8d085d]: Assigning socketPath: /tmp/fire_emu_9190.sock"}}
[debug] [2021-06-09T05:33:25.875Z] [worker-us-central1-api-cf9a1c5a-fb6e-47a8-8680-d49efb8d085d]: BUSY {"metadata":{"emulator":{"name":"functions"},"message":"[worker-us-central1-api-cf9a1c5a-fb6e-47a8-8680-d49efb8d085d]: BUSY"}}
[debug] [2021-06-09T05:33:25.879Z] [runtime-status] [9190] Trigger "us-central1-api" has been found, beginning invocation! {"metadata":{"emulator":{"name":"functions"},"function":{"name":"us-central1-api"},"message":"[runtime-status] [9190] Trigger \"us-central1-api\" has been found, beginning invocation!"}}
[info] i  functions: Beginning execution of "us-central1-api" {"metadata":{"emulator":{"name":"functions"},"function":{"name":"us-central1-api"},"message":"Beginning execution of \"us-central1-api\""}}
[debug] [2021-06-09T05:33:25.879Z] [runtime-status] [9190] triggerDefinition {"httpsTrigger":{},"name":"api","entryPoint":"api","regions":["us-central1"],"region":"us-central1","id":"us-central1-api"} {"metadata":{"emulator":{"name":"functions"},"function":{"name":"us-central1-api"},"message":"[runtime-status] [9190] triggerDefinition {\"httpsTrigger\":{},\"name\":\"api\",\"entryPoint\":\"api\",\"regions\":[\"us-central1\"],\"region\":\"us-central1\",\"id\":\"us-central1-api\"}"}}
[debug] [2021-06-09T05:33:25.880Z] [runtime-status] [9190] Running us-central1-api in mode HTTPS {"metadata":{"emulator":{"name":"functions"},"function":{"name":"us-central1-api"},"message":"[runtime-status] [9190] Running us-central1-api in mode HTTPS"}}
[debug] [2021-06-09T05:33:25.880Z] [runtime-status] [9190] Attempting to listen to socketPath: /tmp/fire_emu_9190.sock {"metadata":{"emulator":{"name":"functions"},"function":{"name":"us-central1-api"},"message":"[runtime-status] [9190] Attempting to listen to socketPath: /tmp/fire_emu_9190.sock"}}
[debug] [2021-06-09T05:33:25.882Z] [functions] Runtime ready! Sending request! {"metadata":{"emulator":{"name":"functions"},"message":"[functions] Runtime ready! Sending request!"}}
[debug] [2021-06-09T05:33:25.883Z] [functions] Got req.url=/hypertube-d9f3e/us-central1/api/oauth/token, mapping to path=/oauth/token {"metadata":{"emulator":{"name":"functions"},"message":"[functions] Got req.url=/hypertube-d9f3e/us-central1/api/oauth/token, mapping to path=/oauth/token"}}
[debug] [2021-06-09T05:33:25.896Z] [runtime-status] [9190] Ephemeral server handling OPTIONS request {"metadata":{"emulator":{"name":"functions"},"function":{"name":"us-central1-api"},"message":"[runtime-status] [9190] Ephemeral server handling OPTIONS request"}}
[debug] [2021-06-09T05:33:25.896Z] [runtime-status] [9190] Ephemeral server survived. {"metadata":{"emulator":{"name":"functions"},"function":{"name":"us-central1-api"},"message":"[runtime-status] [9190] Ephemeral server survived."}}
[info] i  functions: Finished "us-central1-api" in ~1s {"metadata":{"emulator":{"name":"functions"},"function":{"name":"us-central1-api"},"message":"Finished \"us-central1-api\" in ~1s"}}
[debug] [2021-06-09T05:33:25.900Z] [worker-us-central1-api-cf9a1c5a-fb6e-47a8-8680-d49efb8d085d]: IDLE {"metadata":{"emulator":{"name":"functions"},"message":"[worker-us-central1-api-cf9a1c5a-fb6e-47a8-8680-d49efb8d085d]: IDLE"}}
[debug] [2021-06-09T05:33:25.900Z] [work-queue] {"queueLength":0,"workRunningCount":0}
[debug] [2021-06-09T05:33:25.919Z] [work-queue] {"queueLength":1,"workRunningCount":0}
[debug] [2021-06-09T05:33:25.920Z] [work-queue] {"queueLength":0,"workRunningCount":1}
[debug] [2021-06-09T05:33:25.924Z] Accepted request POST /hypertube-d9f3e/us-central1/api/oauth/token --> us-central1-api
[debug] [2021-06-09T05:33:25.926Z] [worker-pool] submitWork(triggerId=us-central1-api) {"metadata":{"emulator":{"name":"functions"},"message":"[worker-pool] submitWork(triggerId=us-central1-api)"}}
[debug] [2021-06-09T05:33:25.930Z] [worker-us-central1-api-cf9a1c5a-fb6e-47a8-8680-d49efb8d085d]: Assigning socketPath: /tmp/fire_emu_9190.sock {"metadata":{"emulator":{"name":"functions"},"message":"[worker-us-central1-api-cf9a1c5a-fb6e-47a8-8680-d49efb8d085d]: Assigning socketPath: /tmp/fire_emu_9190.sock"}}
[debug] [2021-06-09T05:33:25.930Z] [worker-us-central1-api-cf9a1c5a-fb6e-47a8-8680-d49efb8d085d]: BUSY {"metadata":{"emulator":{"name":"functions"},"message":"[worker-us-central1-api-cf9a1c5a-fb6e-47a8-8680-d49efb8d085d]: BUSY"}}
[debug] [2021-06-09T05:33:25.935Z] [runtime-status] [9190] Trigger "us-central1-api" has been found, beginning invocation! {"metadata":{"emulator":{"name":"functions"},"function":{"name":"us-central1-api"},"message":"[runtime-status] [9190] Trigger \"us-central1-api\" has been found, beginning invocation!"}}
[info] i  functions: Beginning execution of "us-central1-api" {"metadata":{"emulator":{"name":"functions"},"function":{"name":"us-central1-api"},"message":"Beginning execution of \"us-central1-api\""}}
[debug] [2021-06-09T05:33:25.936Z] [runtime-status] [9190] triggerDefinition {"httpsTrigger":{},"name":"api","entryPoint":"api","regions":["us-central1"],"region":"us-central1","id":"us-central1-api"} {"metadata":{"emulator":{"name":"functions"},"function":{"name":"us-central1-api"},"message":"[runtime-status] [9190] triggerDefinition {\"httpsTrigger\":{},\"name\":\"api\",\"entryPoint\":\"api\",\"regions\":[\"us-central1\"],\"region\":\"us-central1\",\"id\":\"us-central1-api\"}"}}
[debug] [2021-06-09T05:33:25.936Z] [runtime-status] [9190] Running us-central1-api in mode HTTPS {"metadata":{"emulator":{"name":"functions"},"function":{"name":"us-central1-api"},"message":"[runtime-status] [9190] Running us-central1-api in mode HTTPS"}}
[debug] [2021-06-09T05:33:25.936Z] [runtime-status] [9190] Attempting to listen to socketPath: /tmp/fire_emu_9190.sock {"metadata":{"emulator":{"name":"functions"},"function":{"name":"us-central1-api"},"message":"[runtime-status] [9190] Attempting to listen to socketPath: /tmp/fire_emu_9190.sock"}}
[debug] [2021-06-09T05:33:25.939Z] [functions] Runtime ready! Sending request! {"metadata":{"emulator":{"name":"functions"},"message":"[functions] Runtime ready! Sending request!"}}
[debug] [2021-06-09T05:33:25.939Z] [functions] Got req.url=/hypertube-d9f3e/us-central1/api/oauth/token, mapping to path=/oauth/token {"metadata":{"emulator":{"name":"functions"},"message":"[functions] Got req.url=/hypertube-d9f3e/us-central1/api/oauth/token, mapping to path=/oauth/token"}}
[debug] [2021-06-09T05:33:25.970Z] [runtime-status] [9190] Ephemeral server handling POST request {"metadata":{"emulator":{"name":"functions"},"function":{"name":"us-central1-api"},"message":"[runtime-status] [9190] Ephemeral server handling POST request"}}
[info] >  REQ body authorization_code {"user":"REQ body authorization_code","metadata":{"emulator":{"name":"functions"},"function":{"name":"us-central1-api"},"message":"\u001b[90m> \u001b[39m REQ body authorization_code"}}
[warn] ⚠  External network resource requested!
   - URL: "https://api.intra.42.fr/oauth/token"
 - Be careful, this may be a production service. {"metadata":{"emulator":{"name":"functions"},"function":{"name":"us-central1-api"},"message":"External network resource requested!\n   - URL: \"https://api.intra.42.fr/oauth/token\"\n - Be careful, this may be a production service."}}
[debug] [2021-06-09T05:33:26.002Z] [runtime-status] [9190] Ephemeral server survived. {"metadata":{"emulator":{"name":"functions"},"function":{"name":"us-central1-api"},"message":"[runtime-status] [9190] Ephemeral server survived."}}
[info] i  functions: Finished "us-central1-api" in ~1s {"metadata":{"emulator":{"name":"functions"},"function":{"name":"us-central1-api"},"message":"Finished \"us-central1-api\" in ~1s"}}
[debug] [2021-06-09T05:33:26.587Z] [worker-us-central1-api-cf9a1c5a-fb6e-47a8-8680-d49efb8d085d]: IDLE {"metadata":{"emulator":{"name":"functions"},"message":"[worker-us-central1-api-cf9a1c5a-fb6e-47a8-8680-d49efb8d085d]: IDLE"}}
[debug] [2021-06-09T05:33:26.588Z] [work-queue] {"queueLength":0,"workRunningCount":0}
