[debug] [2021-06-12T13:28:21.561Z] ----------------------------------------------------------------------
[debug] [2021-06-12T13:28:21.562Z] Command:       /opt/homebrew/Cellar/node/15.11.0/bin/node /opt/homebrew/bin/firebase emulators:start
[debug] [2021-06-12T13:28:21.563Z] CLI Version:   9.11.0
[debug] [2021-06-12T13:28:21.563Z] Platform:      darwin
[debug] [2021-06-12T13:28:21.563Z] Node Version:  v15.11.0
[debug] [2021-06-12T13:28:21.563Z] Time:          Sat Jun 12 2021 18:58:21 GMT+0530 (India Standard Time)
[debug] [2021-06-12T13:28:21.564Z] ----------------------------------------------------------------------
[debug] 
[debug] [2021-06-12T13:28:21.567Z] > command requires scopes: ["email","openid","https://www.googleapis.com/auth/cloudplatformprojects.readonly","https://www.googleapis.com/auth/firebase","https://www.googleapis.com/auth/cloud-platform"]
[debug] [2021-06-12T13:28:21.567Z] > authorizing via signed-in user (pvineet44@gmail.com)
[info] i  emulators: Starting emulators: functions {"metadata":{"emulator":{"name":"hub"},"message":"Starting emulators: functions"}}
[debug] [2021-06-12T13:28:21.576Z] [hub] writing locator at /var/folders/9b/kzvz56p946bdfrfv910p2x6r0000gn/T/hub-hypertube-d9f3e.json
[warn] ⚠  functions: The following emulators are not running, calls to these services from the Functions emulator will affect production: auth, firestore, database, hosting, pubsub, storage {"metadata":{"emulator":{"name":"functions"},"message":"The following emulators are not running, calls to these services from the Functions emulator will affect production: \u001b[1mauth, firestore, database, hosting, pubsub, storage\u001b[22m"}}
[warn] ⚠  Your requested "node" version "14" doesn't match your global version "15" {"metadata":{"emulator":{"name":"functions"},"message":"Your requested \"node\" version \"14\" doesn't match your global version \"15\""}}
[debug] [2021-06-12T13:28:21.590Z] defaultcredentials: writing to file /Users/apco/.config/firebase/pvineet44_gmail_com_application_default_credentials.json
[debug] [2021-06-12T13:28:21.591Z] Setting GAC to /Users/apco/.config/firebase/pvineet44_gmail_com_application_default_credentials.json {"metadata":{"emulator":{"name":"functions"},"message":"Setting GAC to /Users/apco/.config/firebase/pvineet44_gmail_com_application_default_credentials.json"}}
[debug] [2021-06-12T13:28:21.592Z] >>> [apiv2][query] GET https://firebase.googleapis.com/v1beta1/projects/hypertube-d9f3e/adminSdkConfig [none]
[debug] [2021-06-12T13:28:22.187Z] <<< [apiv2][status] GET https://firebase.googleapis.com/v1beta1/projects/hypertube-d9f3e/adminSdkConfig 200
[debug] [2021-06-12T13:28:22.187Z] <<< [apiv2][body] GET https://firebase.googleapis.com/v1beta1/projects/hypertube-d9f3e/adminSdkConfig {"projectId":"hypertube-d9f3e","storageBucket":"hypertube-d9f3e.appspot.com","locationId":"us-central"}
[warn] ⚠  ui: Emulator UI unable to start on port 4000, starting on 4002 instead. {"metadata":{"emulator":{"name":"ui"},"message":"Emulator UI unable to start on port 4000, starting on 4002 instead."}}
[debug] [2021-06-12T13:28:22.230Z] Ignoring unsupported arg: auto_download {"metadata":{"emulator":{"name":"ui"},"message":"Ignoring unsupported arg: auto_download"}}
[debug] [2021-06-12T13:28:22.230Z] Ignoring unsupported arg: port {"metadata":{"emulator":{"name":"ui"},"message":"Ignoring unsupported arg: port"}}
[debug] [2021-06-12T13:28:22.231Z] Starting Emulator UI with command {"binary":"node","args":["/Users/apco/.cache/firebase/emulators/ui-v1.5.0/server.bundle.js"],"optionalArgs":[],"joinArgs":false} {"metadata":{"emulator":{"name":"ui"},"message":"Starting Emulator UI with command {\"binary\":\"node\",\"args\":[\"/Users/apco/.cache/firebase/emulators/ui-v1.5.0/server.bundle.js\"],\"optionalArgs\":[],\"joinArgs\":false}"}}
[info] i  ui: Emulator UI logging to ui-debug.log {"metadata":{"emulator":{"name":"ui"},"message":"Emulator UI logging to \u001b[1mui-debug.log\u001b[22m"}}
[debug] [2021-06-12T13:28:22.301Z] Web / API server started at http://localhost:4002
 {"metadata":{"emulator":{"name":"ui"},"message":"Web / API server started at http://localhost:4002\n"}}
[info] i  functions: Watching "/Users/apco/Desktop/projects/hypertube/functions" for Cloud Functions... {"metadata":{"emulator":{"name":"functions"},"message":"Watching \"/Users/apco/Desktop/projects/hypertube/functions\" for Cloud Functions..."}}
[debug] [2021-06-12T13:28:22.506Z] [worker-pool] addWorker(~diagnostic~) {"metadata":{"emulator":{"name":"functions"},"message":"[worker-pool] addWorker(~diagnostic~)"}}
[debug] [2021-06-12T13:28:22.506Z] [worker-pool] Adding worker with key ~diagnostic~, total=1 {"metadata":{"emulator":{"name":"functions"},"message":"[worker-pool] Adding worker with key ~diagnostic~, total=1"}}
[debug] [2021-06-12T13:28:22.506Z] [worker-pool] submitWork(triggerId=) {"metadata":{"emulator":{"name":"functions"},"message":"[worker-pool] submitWork(triggerId=)"}}
[debug] [2021-06-12T13:28:22.507Z] [worker-~diagnostic~-069b52db-5ac7-408d-b454-b288f9751ba6]: Assigning socketPath: /var/folders/9b/kzvz56p946bdfrfv910p2x6r0000gn/T/fire_emu_35703.sock {"metadata":{"emulator":{"name":"functions"},"message":"[worker-~diagnostic~-069b52db-5ac7-408d-b454-b288f9751ba6]: Assigning socketPath: /var/folders/9b/kzvz56p946bdfrfv910p2x6r0000gn/T/fire_emu_35703.sock"}}
[debug] [2021-06-12T13:28:22.507Z] [worker-~diagnostic~-069b52db-5ac7-408d-b454-b288f9751ba6]: BUSY {"metadata":{"emulator":{"name":"functions"},"message":"[worker-~diagnostic~-069b52db-5ac7-408d-b454-b288f9751ba6]: BUSY"}}
[debug] [2021-06-12T13:28:22.589Z] [runtime-status] [35703] Functions runtime initialized. {"cwd":"/Users/apco/Desktop/projects/hypertube/functions","node_version":"15.11.0"} {"metadata":{"emulator":{"name":"functions"},"message":"[runtime-status] [35703] Functions runtime initialized. {\"cwd\":\"/Users/apco/Desktop/projects/hypertube/functions\",\"node_version\":\"15.11.0\"}"}}
[debug] [2021-06-12T13:28:22.589Z] [runtime-status] [35703] Disabled runtime features: undefined {"metadata":{"emulator":{"name":"functions"},"message":"[runtime-status] [35703] Disabled runtime features: undefined"}}
[debug] [2021-06-12T13:28:22.590Z] [runtime-status] [35703] Resolved module firebase-admin {"declared":true,"installed":true,"version":"9.9.0","resolution":"/Users/apco/Desktop/projects/hypertube/functions/node_modules/firebase-admin/lib/index.js"} {"metadata":{"emulator":{"name":"functions"},"message":"[runtime-status] [35703] Resolved module firebase-admin {\"declared\":true,\"installed\":true,\"version\":\"9.9.0\",\"resolution\":\"/Users/apco/Desktop/projects/hypertube/functions/node_modules/firebase-admin/lib/index.js\"}"}}
[debug] [2021-06-12T13:28:22.590Z] [runtime-status] [35703] Resolved module firebase-functions {"declared":true,"installed":true,"version":"3.14.1","resolution":"/Users/apco/Desktop/projects/hypertube/functions/node_modules/firebase-functions/lib/index.js"} {"metadata":{"emulator":{"name":"functions"},"message":"[runtime-status] [35703] Resolved module firebase-functions {\"declared\":true,\"installed\":true,\"version\":\"3.14.1\",\"resolution\":\"/Users/apco/Desktop/projects/hypertube/functions/node_modules/firebase-functions/lib/index.js\"}"}}
[debug] [2021-06-12T13:28:22.591Z] [runtime-status] [35703] Resolved module firebase-functions {"declared":true,"installed":true,"version":"3.14.1","resolution":"/Users/apco/Desktop/projects/hypertube/functions/node_modules/firebase-functions/lib/index.js"} {"metadata":{"emulator":{"name":"functions"},"message":"[runtime-status] [35703] Resolved module firebase-functions {\"declared\":true,\"installed\":true,\"version\":\"3.14.1\",\"resolution\":\"/Users/apco/Desktop/projects/hypertube/functions/node_modules/firebase-functions/lib/index.js\"}"}}
[debug] [2021-06-12T13:28:22.592Z] [runtime-status] [35703] Outgoing network have been stubbed. [{"name":"http","status":"mocked"},{"name":"http","status":"mocked"},{"name":"https","status":"mocked"},{"name":"https","status":"mocked"},{"name":"net","status":"mocked"}] {"metadata":{"emulator":{"name":"functions"},"message":"[runtime-status] [35703] Outgoing network have been stubbed. [{\"name\":\"http\",\"status\":\"mocked\"},{\"name\":\"http\",\"status\":\"mocked\"},{\"name\":\"https\",\"status\":\"mocked\"},{\"name\":\"https\",\"status\":\"mocked\"},{\"name\":\"net\",\"status\":\"mocked\"}]"}}
[debug] [2021-06-12T13:28:22.592Z] [runtime-status] [35703] Resolved module firebase-functions {"declared":true,"installed":true,"version":"3.14.1","resolution":"/Users/apco/Desktop/projects/hypertube/functions/node_modules/firebase-functions/lib/index.js"} {"metadata":{"emulator":{"name":"functions"},"message":"[runtime-status] [35703] Resolved module firebase-functions {\"declared\":true,\"installed\":true,\"version\":\"3.14.1\",\"resolution\":\"/Users/apco/Desktop/projects/hypertube/functions/node_modules/firebase-functions/lib/index.js\"}"}}
[debug] [2021-06-12T13:28:22.608Z] [runtime-status] [35703] Checked functions.config() {"config":{}} {"metadata":{"emulator":{"name":"functions"},"message":"[runtime-status] [35703] Checked functions.config() {\"config\":{}}"}}
[debug] [2021-06-12T13:28:22.608Z] [runtime-status] [35703] firebase-functions has been stubbed. {"functionsResolution":{"declared":true,"installed":true,"version":"3.14.1","resolution":"/Users/apco/Desktop/projects/hypertube/functions/node_modules/firebase-functions/lib/index.js"}} {"metadata":{"emulator":{"name":"functions"},"message":"[runtime-status] [35703] firebase-functions has been stubbed. {\"functionsResolution\":{\"declared\":true,\"installed\":true,\"version\":\"3.14.1\",\"resolution\":\"/Users/apco/Desktop/projects/hypertube/functions/node_modules/firebase-functions/lib/index.js\"}}"}}
[debug] [2021-06-12T13:28:22.608Z] [runtime-status] [35703] Resolved module firebase-functions {"declared":true,"installed":true,"version":"3.14.1","resolution":"/Users/apco/Desktop/projects/hypertube/functions/node_modules/firebase-functions/lib/index.js"} {"metadata":{"emulator":{"name":"functions"},"message":"[runtime-status] [35703] Resolved module firebase-functions {\"declared\":true,\"installed\":true,\"version\":\"3.14.1\",\"resolution\":\"/Users/apco/Desktop/projects/hypertube/functions/node_modules/firebase-functions/lib/index.js\"}"}}
[debug] [2021-06-12T13:28:22.608Z] [runtime-status] [35703] Resolved module firebase-admin {"declared":true,"installed":true,"version":"9.9.0","resolution":"/Users/apco/Desktop/projects/hypertube/functions/node_modules/firebase-admin/lib/index.js"} {"metadata":{"emulator":{"name":"functions"},"message":"[runtime-status] [35703] Resolved module firebase-admin {\"declared\":true,\"installed\":true,\"version\":\"9.9.0\",\"resolution\":\"/Users/apco/Desktop/projects/hypertube/functions/node_modules/firebase-admin/lib/index.js\"}"}}
[debug] [2021-06-12T13:28:22.608Z] [runtime-status] [35703] Resolved module firebase-functions {"declared":true,"installed":true,"version":"3.14.1","resolution":"/Users/apco/Desktop/projects/hypertube/functions/node_modules/firebase-functions/lib/index.js"} {"metadata":{"emulator":{"name":"functions"},"message":"[runtime-status] [35703] Resolved module firebase-functions {\"declared\":true,\"installed\":true,\"version\":\"3.14.1\",\"resolution\":\"/Users/apco/Desktop/projects/hypertube/functions/node_modules/firebase-functions/lib/index.js\"}"}}
[debug] [2021-06-12T13:28:22.608Z] [runtime-status] [35703] firebase-admin has been stubbed. {"adminResolution":{"declared":true,"installed":true,"version":"9.9.0","resolution":"/Users/apco/Desktop/projects/hypertube/functions/node_modules/firebase-admin/lib/index.js"}} {"metadata":{"emulator":{"name":"functions"},"message":"[runtime-status] [35703] firebase-admin has been stubbed. {\"adminResolution\":{\"declared\":true,\"installed\":true,\"version\":\"9.9.0\",\"resolution\":\"/Users/apco/Desktop/projects/hypertube/functions/node_modules/firebase-admin/lib/index.js\"}}"}}
[debug] [2021-06-12T13:28:22.633Z] [runtime-status] [35703] initializeApp(DEFAULT) {"storageBucket":"hypertube-d9f3e.appspot.com","projectId":"hypertube-d9f3e"} {"metadata":{"emulator":{"name":"functions"},"message":"[runtime-status] [35703] initializeApp(DEFAULT) {\"storageBucket\":\"hypertube-d9f3e.appspot.com\",\"projectId\":\"hypertube-d9f3e\"}"}}
[warn] ⚠  functions: The Cloud Firestore emulator is not running, so calls to Firestore will affect production. {"metadata":{"emulator":{"name":"functions"},"message":"The Cloud Firestore emulator is not running, so calls to Firestore will affect production."}}
[debug] [2021-06-12T13:28:22.641Z] [worker-~diagnostic~-069b52db-5ac7-408d-b454-b288f9751ba6]: IDLE {"metadata":{"emulator":{"name":"functions"},"message":"[worker-~diagnostic~-069b52db-5ac7-408d-b454-b288f9751ba6]: IDLE"}}
[info] ✔  functions[api]: http function initialized (http://localhost:5001/hypertube-d9f3e/us-central1/api). {"metadata":{"emulator":{"name":"functions"},"message":"\u001b[1mhttp\u001b[22m function initialized (http://localhost:5001/hypertube-d9f3e/us-central1/api)."}}
[info] 
┌─────────────────────────────────────────────────────────────┐
│ ✔  All emulators ready! It is now safe to connect your app. │
│ i  View Emulator UI at http://localhost:4002                │
└─────────────────────────────────────────────────────────────┘

┌───────────┬────────────────┬─────────────────────────────────┐
│ Emulator  │ Host:Port      │ View in Emulator UI             │
├───────────┼────────────────┼─────────────────────────────────┤
│ Functions │ localhost:5001 │ http://localhost:4002/functions │
└───────────┴────────────────┴─────────────────────────────────┘
  Emulator Hub running at localhost:4400
  Other reserved ports: 4500

Issues? Report them at https://github.com/firebase/firebase-tools/issues and attach the *-debug.log files.
 
[debug] [2021-06-12T13:28:25.097Z] [work-queue] {"queueLength":1,"workRunningCount":0}
[debug] [2021-06-12T13:28:25.097Z] [work-queue] {"queueLength":0,"workRunningCount":1}
[debug] [2021-06-12T13:28:25.098Z] Accepted request OPTIONS /hypertube-d9f3e/us-central1/api/user?uid=56012 --> api
[debug] [2021-06-12T13:28:25.104Z] [worker-pool] addWorker(api) {"metadata":{"emulator":{"name":"functions"},"message":"[worker-pool] addWorker(api)"}}
[debug] [2021-06-12T13:28:25.105Z] [worker-pool] Adding worker with key api, total=1 {"metadata":{"emulator":{"name":"functions"},"message":"[worker-pool] Adding worker with key api, total=1"}}
[debug] [2021-06-12T13:28:25.105Z] [worker-pool] submitWork(triggerId=api) {"metadata":{"emulator":{"name":"functions"},"message":"[worker-pool] submitWork(triggerId=api)"}}
[debug] [2021-06-12T13:28:25.105Z] [worker-api-33878baa-81dd-46d1-803f-6538b8797b3e]: Assigning socketPath: /var/folders/9b/kzvz56p946bdfrfv910p2x6r0000gn/T/fire_emu_35704.sock {"metadata":{"emulator":{"name":"functions"},"message":"[worker-api-33878baa-81dd-46d1-803f-6538b8797b3e]: Assigning socketPath: /var/folders/9b/kzvz56p946bdfrfv910p2x6r0000gn/T/fire_emu_35704.sock"}}
[debug] [2021-06-12T13:28:25.105Z] [worker-api-33878baa-81dd-46d1-803f-6538b8797b3e]: BUSY {"metadata":{"emulator":{"name":"functions"},"message":"[worker-api-33878baa-81dd-46d1-803f-6538b8797b3e]: BUSY"}}
[debug] [2021-06-12T13:28:25.197Z] [runtime-status] [35704] Functions runtime initialized. {"cwd":"/Users/apco/Desktop/projects/hypertube/functions","node_version":"15.11.0"} {"metadata":{"emulator":{"name":"functions"},"function":{"name":"api"},"message":"[runtime-status] [35704] Functions runtime initialized. {\"cwd\":\"/Users/apco/Desktop/projects/hypertube/functions\",\"node_version\":\"15.11.0\"}"}}
[debug] [2021-06-12T13:28:25.198Z] [runtime-status] [35704] Disabled runtime features: undefined {"metadata":{"emulator":{"name":"functions"},"function":{"name":"api"},"message":"[runtime-status] [35704] Disabled runtime features: undefined"}}
[debug] [2021-06-12T13:28:25.199Z] [runtime-status] [35704] Resolved module firebase-admin {"declared":true,"installed":true,"version":"9.9.0","resolution":"/Users/apco/Desktop/projects/hypertube/functions/node_modules/firebase-admin/lib/index.js"} {"metadata":{"emulator":{"name":"functions"},"function":{"name":"api"},"message":"[runtime-status] [35704] Resolved module firebase-admin {\"declared\":true,\"installed\":true,\"version\":\"9.9.0\",\"resolution\":\"/Users/apco/Desktop/projects/hypertube/functions/node_modules/firebase-admin/lib/index.js\"}"}}
[debug] [2021-06-12T13:28:25.199Z] [runtime-status] [35704] Resolved module firebase-functions {"declared":true,"installed":true,"version":"3.14.1","resolution":"/Users/apco/Desktop/projects/hypertube/functions/node_modules/firebase-functions/lib/index.js"} {"metadata":{"emulator":{"name":"functions"},"function":{"name":"api"},"message":"[runtime-status] [35704] Resolved module firebase-functions {\"declared\":true,\"installed\":true,\"version\":\"3.14.1\",\"resolution\":\"/Users/apco/Desktop/projects/hypertube/functions/node_modules/firebase-functions/lib/index.js\"}"}}
[debug] [2021-06-12T13:28:25.200Z] [runtime-status] [35704] Resolved module firebase-functions {"declared":true,"installed":true,"version":"3.14.1","resolution":"/Users/apco/Desktop/projects/hypertube/functions/node_modules/firebase-functions/lib/index.js"} {"metadata":{"emulator":{"name":"functions"},"function":{"name":"api"},"message":"[runtime-status] [35704] Resolved module firebase-functions {\"declared\":true,\"installed\":true,\"version\":\"3.14.1\",\"resolution\":\"/Users/apco/Desktop/projects/hypertube/functions/node_modules/firebase-functions/lib/index.js\"}"}}
[debug] [2021-06-12T13:28:25.201Z] [runtime-status] [35704] Outgoing network have been stubbed. [{"name":"http","status":"mocked"},{"name":"http","status":"mocked"},{"name":"https","status":"mocked"},{"name":"https","status":"mocked"},{"name":"net","status":"mocked"}] {"metadata":{"emulator":{"name":"functions"},"function":{"name":"api"},"message":"[runtime-status] [35704] Outgoing network have been stubbed. [{\"name\":\"http\",\"status\":\"mocked\"},{\"name\":\"http\",\"status\":\"mocked\"},{\"name\":\"https\",\"status\":\"mocked\"},{\"name\":\"https\",\"status\":\"mocked\"},{\"name\":\"net\",\"status\":\"mocked\"}]"}}
[debug] [2021-06-12T13:28:25.201Z] [runtime-status] [35704] Resolved module firebase-functions {"declared":true,"installed":true,"version":"3.14.1","resolution":"/Users/apco/Desktop/projects/hypertube/functions/node_modules/firebase-functions/lib/index.js"} {"metadata":{"emulator":{"name":"functions"},"function":{"name":"api"},"message":"[runtime-status] [35704] Resolved module firebase-functions {\"declared\":true,\"installed\":true,\"version\":\"3.14.1\",\"resolution\":\"/Users/apco/Desktop/projects/hypertube/functions/node_modules/firebase-functions/lib/index.js\"}"}}
[debug] [2021-06-12T13:28:25.217Z] [runtime-status] [35704] Checked functions.config() {"config":{}} {"metadata":{"emulator":{"name":"functions"},"function":{"name":"api"},"message":"[runtime-status] [35704] Checked functions.config() {\"config\":{}}"}}
[debug] [2021-06-12T13:28:25.217Z] [runtime-status] [35704] firebase-functions has been stubbed. {"functionsResolution":{"declared":true,"installed":true,"version":"3.14.1","resolution":"/Users/apco/Desktop/projects/hypertube/functions/node_modules/firebase-functions/lib/index.js"}} {"metadata":{"emulator":{"name":"functions"},"function":{"name":"api"},"message":"[runtime-status] [35704] firebase-functions has been stubbed. {\"functionsResolution\":{\"declared\":true,\"installed\":true,\"version\":\"3.14.1\",\"resolution\":\"/Users/apco/Desktop/projects/hypertube/functions/node_modules/firebase-functions/lib/index.js\"}}"}}
[debug] [2021-06-12T13:28:25.217Z] [runtime-status] [35704] Resolved module firebase-functions {"declared":true,"installed":true,"version":"3.14.1","resolution":"/Users/apco/Desktop/projects/hypertube/functions/node_modules/firebase-functions/lib/index.js"} {"metadata":{"emulator":{"name":"functions"},"function":{"name":"api"},"message":"[runtime-status] [35704] Resolved module firebase-functions {\"declared\":true,\"installed\":true,\"version\":\"3.14.1\",\"resolution\":\"/Users/apco/Desktop/projects/hypertube/functions/node_modules/firebase-functions/lib/index.js\"}"}}
[debug] [2021-06-12T13:28:25.217Z] [runtime-status] [35704] Resolved module firebase-admin {"declared":true,"installed":true,"version":"9.9.0","resolution":"/Users/apco/Desktop/projects/hypertube/functions/node_modules/firebase-admin/lib/index.js"} {"metadata":{"emulator":{"name":"functions"},"function":{"name":"api"},"message":"[runtime-status] [35704] Resolved module firebase-admin {\"declared\":true,\"installed\":true,\"version\":\"9.9.0\",\"resolution\":\"/Users/apco/Desktop/projects/hypertube/functions/node_modules/firebase-admin/lib/index.js\"}"}}
[debug] [2021-06-12T13:28:25.217Z] [runtime-status] [35704] Resolved module firebase-functions {"declared":true,"installed":true,"version":"3.14.1","resolution":"/Users/apco/Desktop/projects/hypertube/functions/node_modules/firebase-functions/lib/index.js"} {"metadata":{"emulator":{"name":"functions"},"function":{"name":"api"},"message":"[runtime-status] [35704] Resolved module firebase-functions {\"declared\":true,\"installed\":true,\"version\":\"3.14.1\",\"resolution\":\"/Users/apco/Desktop/projects/hypertube/functions/node_modules/firebase-functions/lib/index.js\"}"}}
[debug] [2021-06-12T13:28:25.217Z] [runtime-status] [35704] firebase-admin has been stubbed. {"adminResolution":{"declared":true,"installed":true,"version":"9.9.0","resolution":"/Users/apco/Desktop/projects/hypertube/functions/node_modules/firebase-admin/lib/index.js"}} {"metadata":{"emulator":{"name":"functions"},"function":{"name":"api"},"message":"[runtime-status] [35704] firebase-admin has been stubbed. {\"adminResolution\":{\"declared\":true,\"installed\":true,\"version\":\"9.9.0\",\"resolution\":\"/Users/apco/Desktop/projects/hypertube/functions/node_modules/firebase-admin/lib/index.js\"}}"}}
[debug] [2021-06-12T13:28:25.249Z] [runtime-status] [35704] initializeApp(DEFAULT) {"storageBucket":"hypertube-d9f3e.appspot.com","projectId":"hypertube-d9f3e"} {"metadata":{"emulator":{"name":"functions"},"function":{"name":"api"},"message":"[runtime-status] [35704] initializeApp(DEFAULT) {\"storageBucket\":\"hypertube-d9f3e.appspot.com\",\"projectId\":\"hypertube-d9f3e\"}"}}
[debug] [2021-06-12T13:28:25.258Z] [runtime-status] [35704] Trigger "api" has been found, beginning invocation! {"metadata":{"emulator":{"name":"functions"},"function":{"name":"api"},"message":"[runtime-status] [35704] Trigger \"api\" has been found, beginning invocation!"}}
[info] i  functions: Beginning execution of "api" {"metadata":{"emulator":{"name":"functions"},"function":{"name":"api"},"message":"Beginning execution of \"api\""}}
[debug] [2021-06-12T13:28:25.259Z] [runtime-status] [35704] triggerDefinition {"httpsTrigger":{},"name":"api","entryPoint":"api"} {"metadata":{"emulator":{"name":"functions"},"function":{"name":"api"},"message":"[runtime-status] [35704] triggerDefinition {\"httpsTrigger\":{},\"name\":\"api\",\"entryPoint\":\"api\"}"}}
[debug] [2021-06-12T13:28:25.259Z] [runtime-status] [35704] Running api in mode HTTPS {"metadata":{"emulator":{"name":"functions"},"function":{"name":"api"},"message":"[runtime-status] [35704] Running api in mode HTTPS"}}
[debug] [2021-06-12T13:28:25.260Z] [runtime-status] [35704] Attempting to listen to socketPath: /var/folders/9b/kzvz56p946bdfrfv910p2x6r0000gn/T/fire_emu_35704.sock {"metadata":{"emulator":{"name":"functions"},"function":{"name":"api"},"message":"[runtime-status] [35704] Attempting to listen to socketPath: /var/folders/9b/kzvz56p946bdfrfv910p2x6r0000gn/T/fire_emu_35704.sock"}}
[debug] [2021-06-12T13:28:25.261Z] [functions] Runtime ready! Sending request! {"metadata":{"emulator":{"name":"functions"},"message":"[functions] Runtime ready! Sending request!"}}
[debug] [2021-06-12T13:28:25.262Z] [functions] Got req.url=/hypertube-d9f3e/us-central1/api/user?uid=56012, mapping to path=/user?uid=56012 {"metadata":{"emulator":{"name":"functions"},"message":"[functions] Got req.url=/hypertube-d9f3e/us-central1/api/user?uid=56012, mapping to path=/user?uid=56012"}}
[debug] [2021-06-12T13:28:25.267Z] [runtime-status] [35704] Ephemeral server handling OPTIONS request {"metadata":{"emulator":{"name":"functions"},"function":{"name":"api"},"message":"[runtime-status] [35704] Ephemeral server handling OPTIONS request"}}
[debug] [2021-06-12T13:28:25.270Z] [runtime-status] [35704] Ephemeral server survived. {"metadata":{"emulator":{"name":"functions"},"function":{"name":"api"},"message":"[runtime-status] [35704] Ephemeral server survived."}}
[debug] [2021-06-12T13:28:25.271Z] [work-queue] {"queueLength":1,"workRunningCount":1}
[debug] [2021-06-12T13:28:25.271Z] [work-queue] {"queueLength":0,"workRunningCount":2}
[debug] [2021-06-12T13:28:25.271Z] Accepted request POST /hypertube-d9f3e/us-central1/api/user?uid=56012 --> api
[debug] [2021-06-12T13:28:25.273Z] [worker-pool] addWorker(api) {"metadata":{"emulator":{"name":"functions"},"message":"[worker-pool] addWorker(api)"}}
[debug] [2021-06-12T13:28:25.273Z] [worker-pool] Adding worker with key api, total=2 {"metadata":{"emulator":{"name":"functions"},"message":"[worker-pool] Adding worker with key api, total=2"}}
[debug] [2021-06-12T13:28:25.273Z] [worker-pool] submitWork(triggerId=api) {"metadata":{"emulator":{"name":"functions"},"message":"[worker-pool] submitWork(triggerId=api)"}}
[debug] [2021-06-12T13:28:25.273Z] [worker-api-097cbcf5-89de-49f2-b6c1-c1a8a90cabd3]: Assigning socketPath: /var/folders/9b/kzvz56p946bdfrfv910p2x6r0000gn/T/fire_emu_35705.sock {"metadata":{"emulator":{"name":"functions"},"message":"[worker-api-097cbcf5-89de-49f2-b6c1-c1a8a90cabd3]: Assigning socketPath: /var/folders/9b/kzvz56p946bdfrfv910p2x6r0000gn/T/fire_emu_35705.sock"}}
[debug] [2021-06-12T13:28:25.273Z] [worker-api-097cbcf5-89de-49f2-b6c1-c1a8a90cabd3]: BUSY {"metadata":{"emulator":{"name":"functions"},"message":"[worker-api-097cbcf5-89de-49f2-b6c1-c1a8a90cabd3]: BUSY"}}
[info] i  functions: Finished "api" in ~1s {"metadata":{"emulator":{"name":"functions"},"function":{"name":"api"},"message":"Finished \"api\" in ~1s"}}
[debug] [2021-06-12T13:28:25.274Z] [worker-api-33878baa-81dd-46d1-803f-6538b8797b3e]: IDLE {"metadata":{"emulator":{"name":"functions"},"message":"[worker-api-33878baa-81dd-46d1-803f-6538b8797b3e]: IDLE"}}
[debug] [2021-06-12T13:28:25.274Z] [work-queue] {"queueLength":0,"workRunningCount":1}
[debug] [2021-06-12T13:28:25.330Z] [runtime-status] [35705] Functions runtime initialized. {"cwd":"/Users/apco/Desktop/projects/hypertube/functions","node_version":"15.11.0"} {"metadata":{"emulator":{"name":"functions"},"function":{"name":"api"},"message":"[runtime-status] [35705] Functions runtime initialized. {\"cwd\":\"/Users/apco/Desktop/projects/hypertube/functions\",\"node_version\":\"15.11.0\"}"}}
[debug] [2021-06-12T13:28:25.331Z] [runtime-status] [35705] Disabled runtime features: undefined {"metadata":{"emulator":{"name":"functions"},"function":{"name":"api"},"message":"[runtime-status] [35705] Disabled runtime features: undefined"}}
[debug] [2021-06-12T13:28:25.332Z] [runtime-status] [35705] Resolved module firebase-admin {"declared":true,"installed":true,"version":"9.9.0","resolution":"/Users/apco/Desktop/projects/hypertube/functions/node_modules/firebase-admin/lib/index.js"} {"metadata":{"emulator":{"name":"functions"},"function":{"name":"api"},"message":"[runtime-status] [35705] Resolved module firebase-admin {\"declared\":true,\"installed\":true,\"version\":\"9.9.0\",\"resolution\":\"/Users/apco/Desktop/projects/hypertube/functions/node_modules/firebase-admin/lib/index.js\"}"}}
[debug] [2021-06-12T13:28:25.332Z] [runtime-status] [35705] Resolved module firebase-functions {"declared":true,"installed":true,"version":"3.14.1","resolution":"/Users/apco/Desktop/projects/hypertube/functions/node_modules/firebase-functions/lib/index.js"} {"metadata":{"emulator":{"name":"functions"},"function":{"name":"api"},"message":"[runtime-status] [35705] Resolved module firebase-functions {\"declared\":true,\"installed\":true,\"version\":\"3.14.1\",\"resolution\":\"/Users/apco/Desktop/projects/hypertube/functions/node_modules/firebase-functions/lib/index.js\"}"}}
[debug] [2021-06-12T13:28:25.333Z] [runtime-status] [35705] Resolved module firebase-functions {"declared":true,"installed":true,"version":"3.14.1","resolution":"/Users/apco/Desktop/projects/hypertube/functions/node_modules/firebase-functions/lib/index.js"} {"metadata":{"emulator":{"name":"functions"},"function":{"name":"api"},"message":"[runtime-status] [35705] Resolved module firebase-functions {\"declared\":true,\"installed\":true,\"version\":\"3.14.1\",\"resolution\":\"/Users/apco/Desktop/projects/hypertube/functions/node_modules/firebase-functions/lib/index.js\"}"}}
[debug] [2021-06-12T13:28:25.334Z] [runtime-status] [35705] Outgoing network have been stubbed. [{"name":"http","status":"mocked"},{"name":"http","status":"mocked"},{"name":"https","status":"mocked"},{"name":"https","status":"mocked"},{"name":"net","status":"mocked"}] {"metadata":{"emulator":{"name":"functions"},"function":{"name":"api"},"message":"[runtime-status] [35705] Outgoing network have been stubbed. [{\"name\":\"http\",\"status\":\"mocked\"},{\"name\":\"http\",\"status\":\"mocked\"},{\"name\":\"https\",\"status\":\"mocked\"},{\"name\":\"https\",\"status\":\"mocked\"},{\"name\":\"net\",\"status\":\"mocked\"}]"}}
[debug] [2021-06-12T13:28:25.334Z] [runtime-status] [35705] Resolved module firebase-functions {"declared":true,"installed":true,"version":"3.14.1","resolution":"/Users/apco/Desktop/projects/hypertube/functions/node_modules/firebase-functions/lib/index.js"} {"metadata":{"emulator":{"name":"functions"},"function":{"name":"api"},"message":"[runtime-status] [35705] Resolved module firebase-functions {\"declared\":true,\"installed\":true,\"version\":\"3.14.1\",\"resolution\":\"/Users/apco/Desktop/projects/hypertube/functions/node_modules/firebase-functions/lib/index.js\"}"}}
[debug] [2021-06-12T13:28:25.349Z] [runtime-status] [35705] Checked functions.config() {"config":{}} {"metadata":{"emulator":{"name":"functions"},"function":{"name":"api"},"message":"[runtime-status] [35705] Checked functions.config() {\"config\":{}}"}}
[debug] [2021-06-12T13:28:25.350Z] [runtime-status] [35705] firebase-functions has been stubbed. {"functionsResolution":{"declared":true,"installed":true,"version":"3.14.1","resolution":"/Users/apco/Desktop/projects/hypertube/functions/node_modules/firebase-functions/lib/index.js"}} {"metadata":{"emulator":{"name":"functions"},"function":{"name":"api"},"message":"[runtime-status] [35705] firebase-functions has been stubbed. {\"functionsResolution\":{\"declared\":true,\"installed\":true,\"version\":\"3.14.1\",\"resolution\":\"/Users/apco/Desktop/projects/hypertube/functions/node_modules/firebase-functions/lib/index.js\"}}"}}
[debug] [2021-06-12T13:28:25.350Z] [runtime-status] [35705] Resolved module firebase-functions {"declared":true,"installed":true,"version":"3.14.1","resolution":"/Users/apco/Desktop/projects/hypertube/functions/node_modules/firebase-functions/lib/index.js"} {"metadata":{"emulator":{"name":"functions"},"function":{"name":"api"},"message":"[runtime-status] [35705] Resolved module firebase-functions {\"declared\":true,\"installed\":true,\"version\":\"3.14.1\",\"resolution\":\"/Users/apco/Desktop/projects/hypertube/functions/node_modules/firebase-functions/lib/index.js\"}"}}
[debug] [2021-06-12T13:28:25.350Z] [runtime-status] [35705] Resolved module firebase-admin {"declared":true,"installed":true,"version":"9.9.0","resolution":"/Users/apco/Desktop/projects/hypertube/functions/node_modules/firebase-admin/lib/index.js"} {"metadata":{"emulator":{"name":"functions"},"function":{"name":"api"},"message":"[runtime-status] [35705] Resolved module firebase-admin {\"declared\":true,\"installed\":true,\"version\":\"9.9.0\",\"resolution\":\"/Users/apco/Desktop/projects/hypertube/functions/node_modules/firebase-admin/lib/index.js\"}"}}
[debug] [2021-06-12T13:28:25.350Z] [runtime-status] [35705] Resolved module firebase-functions {"declared":true,"installed":true,"version":"3.14.1","resolution":"/Users/apco/Desktop/projects/hypertube/functions/node_modules/firebase-functions/lib/index.js"} {"metadata":{"emulator":{"name":"functions"},"function":{"name":"api"},"message":"[runtime-status] [35705] Resolved module firebase-functions {\"declared\":true,\"installed\":true,\"version\":\"3.14.1\",\"resolution\":\"/Users/apco/Desktop/projects/hypertube/functions/node_modules/firebase-functions/lib/index.js\"}"}}
[debug] [2021-06-12T13:28:25.350Z] [runtime-status] [35705] firebase-admin has been stubbed. {"adminResolution":{"declared":true,"installed":true,"version":"9.9.0","resolution":"/Users/apco/Desktop/projects/hypertube/functions/node_modules/firebase-admin/lib/index.js"}} {"metadata":{"emulator":{"name":"functions"},"function":{"name":"api"},"message":"[runtime-status] [35705] firebase-admin has been stubbed. {\"adminResolution\":{\"declared\":true,\"installed\":true,\"version\":\"9.9.0\",\"resolution\":\"/Users/apco/Desktop/projects/hypertube/functions/node_modules/firebase-admin/lib/index.js\"}}"}}
[debug] [2021-06-12T13:28:25.375Z] [runtime-status] [35705] initializeApp(DEFAULT) {"storageBucket":"hypertube-d9f3e.appspot.com","projectId":"hypertube-d9f3e"} {"metadata":{"emulator":{"name":"functions"},"function":{"name":"api"},"message":"[runtime-status] [35705] initializeApp(DEFAULT) {\"storageBucket\":\"hypertube-d9f3e.appspot.com\",\"projectId\":\"hypertube-d9f3e\"}"}}
[debug] [2021-06-12T13:28:25.383Z] [runtime-status] [35705] Trigger "api" has been found, beginning invocation! {"metadata":{"emulator":{"name":"functions"},"function":{"name":"api"},"message":"[runtime-status] [35705] Trigger \"api\" has been found, beginning invocation!"}}
[info] i  functions: Beginning execution of "api" {"metadata":{"emulator":{"name":"functions"},"function":{"name":"api"},"message":"Beginning execution of \"api\""}}
[debug] [2021-06-12T13:28:25.383Z] [runtime-status] [35705] triggerDefinition {"httpsTrigger":{},"name":"api","entryPoint":"api"} {"metadata":{"emulator":{"name":"functions"},"function":{"name":"api"},"message":"[runtime-status] [35705] triggerDefinition {\"httpsTrigger\":{},\"name\":\"api\",\"entryPoint\":\"api\"}"}}
[debug] [2021-06-12T13:28:25.383Z] [runtime-status] [35705] Running api in mode HTTPS {"metadata":{"emulator":{"name":"functions"},"function":{"name":"api"},"message":"[runtime-status] [35705] Running api in mode HTTPS"}}
[debug] [2021-06-12T13:28:25.384Z] [runtime-status] [35705] Attempting to listen to socketPath: /var/folders/9b/kzvz56p946bdfrfv910p2x6r0000gn/T/fire_emu_35705.sock {"metadata":{"emulator":{"name":"functions"},"function":{"name":"api"},"message":"[runtime-status] [35705] Attempting to listen to socketPath: /var/folders/9b/kzvz56p946bdfrfv910p2x6r0000gn/T/fire_emu_35705.sock"}}
[debug] [2021-06-12T13:28:25.385Z] [functions] Runtime ready! Sending request! {"metadata":{"emulator":{"name":"functions"},"message":"[functions] Runtime ready! Sending request!"}}
[debug] [2021-06-12T13:28:25.386Z] [functions] Got req.url=/hypertube-d9f3e/us-central1/api/user?uid=56012, mapping to path=/user?uid=56012 {"metadata":{"emulator":{"name":"functions"},"message":"[functions] Got req.url=/hypertube-d9f3e/us-central1/api/user?uid=56012, mapping to path=/user?uid=56012"}}
[debug] [2021-06-12T13:28:25.392Z] [runtime-status] [35705] Ephemeral server handling POST request {"metadata":{"emulator":{"name":"functions"},"function":{"name":"api"},"message":"[runtime-status] [35705] Ephemeral server handling POST request"}}
[info] >  req body { {"user":"req body {","metadata":{"emulator":{"name":"functions"},"function":{"name":"api"},"message":"\u001b[90m> \u001b[39m req body {"}}
[info] >    email: 'pvineet44@gmail.com', {"user":"  email: 'pvineet44@gmail.com',","metadata":{"emulator":{"name":"functions"},"function":{"name":"api"},"message":"\u001b[90m> \u001b[39m   email: 'pvineet44@gmail.com',"}}
[info] >    firstName: 'Vineet', {"user":"  firstName: 'Vineet',","metadata":{"emulator":{"name":"functions"},"function":{"name":"api"},"message":"\u001b[90m> \u001b[39m   firstName: 'Vineet',"}}
[info] >    lastName: 'Parekh', {"user":"  lastName: 'Parekh',","metadata":{"emulator":{"name":"functions"},"function":{"name":"api"},"message":"\u001b[90m> \u001b[39m   lastName: 'Parekh',"}}
[info] >    userName: 'pvineet44' {"user":"  userName: 'pvineet44'","metadata":{"emulator":{"name":"functions"},"function":{"name":"api"},"message":"\u001b[90m> \u001b[39m   userName: 'pvineet44'"}}
[info] >  } {"user":"}","metadata":{"emulator":{"name":"functions"},"function":{"name":"api"},"message":"\u001b[90m> \u001b[39m }"}}
[debug] [2021-06-12T13:28:25.454Z] [runtime-status] [35705] Ephemeral server survived. {"metadata":{"emulator":{"name":"functions"},"function":{"name":"api"},"message":"[runtime-status] [35705] Ephemeral server survived."}}
[warn] ⚠  Google API requested!
   - URL: "https://oauth2.googleapis.com/token"
   - Be careful, this may be a production service. {"metadata":{"emulator":{"name":"functions"},"function":{"name":"api"},"message":"Google API requested!\n   - URL: \"https://oauth2.googleapis.com/token\"\n   - Be careful, this may be a production service."}}
[info] i  functions: Finished "api" in ~1s {"metadata":{"emulator":{"name":"functions"},"function":{"name":"api"},"message":"Finished \"api\" in ~1s"}}
[debug] [2021-06-12T13:28:26.386Z] [worker-api-097cbcf5-89de-49f2-b6c1-c1a8a90cabd3]: IDLE {"metadata":{"emulator":{"name":"functions"},"message":"[worker-api-097cbcf5-89de-49f2-b6c1-c1a8a90cabd3]: IDLE"}}
[debug] [2021-06-12T13:28:26.386Z] [work-queue] {"queueLength":0,"workRunningCount":0}
